<?xml version="1.0" encoding="UTF-8"?>
<coverage generated="1720609066341" clover="3.2.0">
  <project timestamp="1720609066341" name="All files">
    <metrics statements="24" coveredstatements="11" conditionals="8" coveredconditionals="0" methods="5" coveredmethods="4" elements="37" coveredelements="15" complexity="0" loc="24" ncloc="24" packages="2" files="4" classes="4"/>
    <package name="free">
      <metrics statements="4" coveredstatements="4" conditionals="0" coveredconditionals="0" methods="2" coveredmethods="2"/>
      <file name="cloneArray.js" path="/Users/mac/Documents/torbitaLimited/torbitalimited_code/june10/helloWorld/free/cloneArray.js">
        <metrics statements="2" coveredstatements="2" conditionals="0" coveredconditionals="0" methods="1" coveredmethods="1"/>
        <line num="2" count="2" type="stmt"/>
        <line num="5" count="1" type="stmt"/>
      </file>
      <file name="sum.js" path="/Users/mac/Documents/torbitaLimited/torbitalimited_code/june10/helloWorld/free/sum.js">
        <metrics statements="2" coveredstatements="2" conditionals="0" coveredconditionals="0" methods="1" coveredmethods="1"/>
        <line num="2" count="1" type="stmt"/>
        <line num="4" count="1" type="stmt"/>
      </file>
    </package>
    <package name="js">
      <metrics statements="20" coveredstatements="7" conditionals="8" coveredconditionals="0" methods="3" coveredmethods="2"/>
      <file name="function.js" path="/Users/mac/Documents/torbitaLimited/torbitalimited_code/june10/helloWorld/js/function.js">
        <metrics statements="16" coveredstatements="3" conditionals="8" coveredconditionals="0" methods="2" coveredmethods="1"/>
        <line num="62" count="1" type="stmt"/>
        <line num="63" count="1" type="stmt"/>
        <line num="102" count="0" type="stmt"/>
        <line num="103" count="0" type="stmt"/>
        <line num="104" count="0" type="stmt"/>
        <line num="106" count="0" type="stmt"/>
        <line num="107" count="0" type="stmt"/>
        <line num="109" count="0" type="stmt"/>
        <line num="112" count="0" type="cond" truecount="0" falsecount="4"/>
        <line num="113" count="0" type="stmt"/>
        <line num="115" count="0" type="cond" truecount="0" falsecount="4"/>
        <line num="116" count="0" type="stmt"/>
        <line num="118" count="0" type="stmt"/>
        <line num="122" count="0" type="stmt"/>
        <line num="124" count="0" type="stmt"/>
        <line num="127" count="1" type="stmt"/>
      </file>
      <file name="revsion.js" path="/Users/mac/Documents/torbitaLimited/torbitalimited_code/june10/helloWorld/js/revsion.js">
        <metrics statements="4" coveredstatements="4" conditionals="0" coveredconditionals="0" methods="1" coveredmethods="1"/>
        <line num="2" count="1" type="stmt"/>
        <line num="3" count="1" type="stmt"/>
        <line num="4" count="1" type="stmt"/>
        <line num="7" count="1" type="stmt"/>
      </file>
    </package>
  </project>
</coverage>
