{"/Users/mac/Documents/torbitaLimited/torbitalimited_code/june10/helloWorld/free/cloneArray.js": {"path":"/Users/mac/Documents/torbitaLimited/torbitalimited_code/june10/helloWorld/free/cloneArray.js","statementMap":{"0":{"start":{"line":2,"column":2},"end":{"line":2,"column":21}},"1":{"start":{"line":5,"column":0},"end":{"line":5,"column":28}}},"fnMap":{"0":{"name":"cloneArray","decl":{"start":{"line":1,"column":9},"end":{"line":1,"column":19}},"loc":{"start":{"line":1,"column":28},"end":{"line":3,"column":1}},"line":1}},"branchMap":{},"s":{"0":2,"1":1},"f":{"0":2},"b":{},"_coverageSchema":"1a1c01bbd47fc00a2c39e90264f33305004495a9","hash":"5b43cdc9affe424070e27ed77b3905635eba1905"}
,"/Users/mac/Documents/torbitaLimited/torbitalimited_code/june10/helloWorld/free/sum.js": {"path":"/Users/mac/Documents/torbitaLimited/torbitalimited_code/june10/helloWorld/free/sum.js","statementMap":{"0":{"start":{"line":2,"column":2},"end":{"line":2,"column":15}},"1":{"start":{"line":4,"column":0},"end":{"line":4,"column":21}}},"fnMap":{"0":{"name":"sum","decl":{"start":{"line":1,"column":9},"end":{"line":1,"column":12}},"loc":{"start":{"line":1,"column":19},"end":{"line":3,"column":1}},"line":1}},"branchMap":{},"s":{"0":1,"1":1},"f":{"0":1},"b":{},"_coverageSchema":"1a1c01bbd47fc00a2c39e90264f33305004495a9","hash":"7482dad86189ba1968351a3940c2be4c29a85cac"}
,"/Users/mac/Documents/torbitaLimited/torbitalimited_code/june10/helloWorld/js/function.js": {"path":"/Users/mac/Documents/torbitaLimited/torbitalimited_code/june10/helloWorld/js/function.js","statementMap":{"0":{"start":{"line":62,"column":12},"end":{"line":62,"column":17}},"1":{"start":{"line":63,"column":2},"end":{"line":63,"column":11}},"2":{"start":{"line":102,"column":14},"end":{"line":102,"column":15}},"3":{"start":{"line":103,"column":13},"end":{"line":103,"column":14}},"4":{"start":{"line":104,"column":13},"end":{"line":104,"column":14}},"5":{"start":{"line":106,"column":2},"end":{"line":123,"column":3}},"6":{"start":{"line":106,"column":19},"end":{"line":106,"column":20}},"7":{"start":{"line":107,"column":20},"end":{"line":107,"column":30}},"8":{"start":{"line":109,"column":4},"end":{"line":109,"column":19}},"9":{"start":{"line":112,"column":4},"end":{"line":119,"column":5}},"10":{"start":{"line":113,"column":6},"end":{"line":113,"column":19}},"11":{"start":{"line":115,"column":11},"end":{"line":119,"column":5}},"12":{"start":{"line":116,"column":6},"end":{"line":116,"column":19}},"13":{"start":{"line":118,"column":6},"end":{"line":118,"column":20}},"14":{"start":{"line":122,"column":4},"end":{"line":122,"column":19}},"15":{"start":{"line":124,"column":2},"end":{"line":124,"column":15}},"16":{"start":{"line":127,"column":0},"end":{"line":127,"column":54}}},"fnMap":{"0":{"name":"sumTwoNumbers","decl":{"start":{"line":61,"column":9},"end":{"line":61,"column":22}},"loc":{"start":{"line":61,"column":29},"end":{"line":64,"column":1}},"line":61},"1":{"name":"findLargestNumber","decl":{"start":{"line":101,"column":9},"end":{"line":101,"column":26}},"loc":{"start":{"line":101,"column":32},"end":{"line":125,"column":1}},"line":101}},"branchMap":{"0":{"loc":{"start":{"line":112,"column":4},"end":{"line":119,"column":5}},"type":"if","locations":[{"start":{"line":112,"column":4},"end":{"line":119,"column":5}},{"start":{"line":115,"column":11},"end":{"line":119,"column":5}}],"line":112},"1":{"loc":{"start":{"line":112,"column":8},"end":{"line":112,"column":35}},"type":"binary-expr","locations":[{"start":{"line":112,"column":8},"end":{"line":112,"column":19}},{"start":{"line":112,"column":23},"end":{"line":112,"column":35}}],"line":112},"2":{"loc":{"start":{"line":115,"column":11},"end":{"line":119,"column":5}},"type":"if","locations":[{"start":{"line":115,"column":11},"end":{"line":119,"column":5}},{"start":{"line":117,"column":11},"end":{"line":119,"column":5}}],"line":115},"3":{"loc":{"start":{"line":115,"column":15},"end":{"line":115,"column":42}},"type":"binary-expr","locations":[{"start":{"line":115,"column":15},"end":{"line":115,"column":27}},{"start":{"line":115,"column":31},"end":{"line":115,"column":42}}],"line":115}},"s":{"0":1,"1":1,"2":0,"3":0,"4":0,"5":0,"6":0,"7":0,"8":0,"9":0,"10":0,"11":0,"12":0,"13":0,"14":0,"15":0,"16":1},"f":{"0":1,"1":0},"b":{"0":[0,0],"1":[0,0],"2":[0,0],"3":[0,0]},"_coverageSchema":"1a1c01bbd47fc00a2c39e90264f33305004495a9","hash":"8a37ebe91d5e5c513d1885ac68ebce5b44ba96eb"}
,"/Users/mac/Documents/torbitaLimited/torbitalimited_code/june10/helloWorld/js/revsion.js": {"path":"/Users/mac/Documents/torbitaLimited/torbitalimited_code/june10/helloWorld/js/revsion.js","statementMap":{"0":{"start":{"line":2,"column":17},"end":{"line":2,"column":32}},"1":{"start":{"line":3,"column":2},"end":{"line":3,"column":22}},"2":{"start":{"line":4,"column":2},"end":{"line":4,"column":16}},"3":{"start":{"line":7,"column":0},"end":{"line":7,"column":25}}},"fnMap":{"0":{"name":"testOne","decl":{"start":{"line":1,"column":9},"end":{"line":1,"column":16}},"loc":{"start":{"line":1,"column":33},"end":{"line":5,"column":1}},"line":1}},"branchMap":{},"s":{"0":1,"1":1,"2":1,"3":1},"f":{"0":1},"b":{},"_coverageSchema":"1a1c01bbd47fc00a2c39e90264f33305004495a9","hash":"cf38e28c1c17c10b335da03e5753176e3c28cacb"}
}
